0 info it worked if it ends with ok
1 verbose cli [ 'C:\\Program Files\\nodejs\\\\node.exe',
1 verbose cli   'C:\\Program Files\\nodejs\\node_modules\\npm\\bin\\npm-cli.js',
1 verbose cli   'i',
1 verbose cli   'cvs-parser' ]
2 info using npm@1.4.28
3 info using node@v0.10.35
4 verbose node symlink C:\Program Files\nodejs\\node.exe
5 verbose readDependencies using package.json deps
6 verbose cache add [ 'cvs-parser', null ]
7 verbose cache add name=undefined spec="cvs-parser" args=["cvs-parser",null]
8 verbose parsed url { protocol: null,
8 verbose parsed url   slashes: null,
8 verbose parsed url   auth: null,
8 verbose parsed url   host: null,
8 verbose parsed url   port: null,
8 verbose parsed url   hostname: null,
8 verbose parsed url   hash: null,
8 verbose parsed url   search: null,
8 verbose parsed url   query: null,
8 verbose parsed url   pathname: 'cvs-parser',
8 verbose parsed url   path: 'cvs-parser',
8 verbose parsed url   href: 'cvs-parser' }
9 silly lockFile 872c738a-cvs-parser cvs-parser
10 verbose lock cvs-parser C:\Users\olegra\AppData\Roaming\npm-cache\872c738a-cvs-parser.lock
11 silly lockFile 872c738a-cvs-parser cvs-parser
12 silly lockFile 872c738a-cvs-parser cvs-parser
13 verbose addNamed [ 'cvs-parser', '' ]
14 verbose addNamed [ null, '*' ]
15 silly lockFile 7aea22c6-cvs-parser cvs-parser@
16 verbose lock cvs-parser@ C:\Users\olegra\AppData\Roaming\npm-cache\7aea22c6-cvs-parser.lock
17 silly addNameRange { name: 'cvs-parser', range: '*', hasData: false }
18 verbose request where is /cvs-parser
19 verbose request registry https://registry.npmjs.org/
20 verbose request id 4e5fba44fc93733a
21 verbose url raw /cvs-parser
22 verbose url resolving [ 'https://registry.npmjs.org/', './cvs-parser' ]
23 verbose url resolved https://registry.npmjs.org/cvs-parser
24 verbose request where is https://registry.npmjs.org/cvs-parser
25 info trying registry request attempt 1 at 11:59:56
26 http GET https://registry.npmjs.org/cvs-parser
27 http 404 https://registry.npmjs.org/cvs-parser
28 verbose headers { date: 'Thu, 15 Jan 2015 09:59:57 GMT',
28 verbose headers   server: 'CouchDB/1.5.0 (Erlang OTP/R16B03)',
28 verbose headers   'content-type': 'application/json',
28 verbose headers   'cache-control': 'max-age=0',
28 verbose headers   'content-length': '52',
28 verbose headers   'accept-ranges': 'bytes',
28 verbose headers   via: '1.1 varnish',
28 verbose headers   age: '0',
28 verbose headers   'x-served-by': 'cache-fra1246-FRA',
28 verbose headers   'x-cache': 'MISS',
28 verbose headers   'x-cache-hits': '0',
28 verbose headers   'x-timer': 'S1421315996.788659,VS0,VE417',
28 verbose headers   'keep-alive': 'timeout=10, max=50',
28 verbose headers   connection: 'Keep-Alive' }
29 silly registry.get cb [ 404,
29 silly registry.get   { date: 'Thu, 15 Jan 2015 09:59:57 GMT',
29 silly registry.get     server: 'CouchDB/1.5.0 (Erlang OTP/R16B03)',
29 silly registry.get     'content-type': 'application/json',
29 silly registry.get     'cache-control': 'max-age=0',
29 silly registry.get     'content-length': '52',
29 silly registry.get     'accept-ranges': 'bytes',
29 silly registry.get     via: '1.1 varnish',
29 silly registry.get     age: '0',
29 silly registry.get     'x-served-by': 'cache-fra1246-FRA',
29 silly registry.get     'x-cache': 'MISS',
29 silly registry.get     'x-cache-hits': '0',
29 silly registry.get     'x-timer': 'S1421315996.788659,VS0,VE417',
29 silly registry.get     'keep-alive': 'timeout=10, max=50',
29 silly registry.get     connection: 'Keep-Alive' } ]
30 silly lockFile 7aea22c6-cvs-parser cvs-parser@
31 silly lockFile 7aea22c6-cvs-parser cvs-parser@
32 error 404 404 Not Found: cvs-parser
32 error 404
32 error 404 'cvs-parser' is not in the npm registry.
32 error 404 You should bug the author to publish it
32 error 404 It was specified as a dependency of 'node_JS_2'
32 error 404
32 error 404 Note that you can also install from a
32 error 404 tarball, folder, or http url, or git url.
33 error System Windows_NT 6.1.7600
34 error command "C:\\Program Files\\nodejs\\\\node.exe" "C:\\Program Files\\nodejs\\node_modules\\npm\\bin\\npm-cli.js" "i" "cvs-parser"
35 error cwd D:\node_JS_2
36 error node -v v0.10.35
37 error npm -v 1.4.28
38 error code E404
39 verbose exit [ 1, true ]
